<?xml version="1.0" encoding="UTF-8"?>
<!-- Generated by org.testng.reporters.JUnitReportReporter -->
<testsuite hostname="Prashant" failures="0" tests="1" name="Liberis.FirstPage" time="11.502" errors="0" timestamp="2022-08-27T16:21:31 IST" skipped="0">
  <testcase classname="Liberis.FirstPage" name="m1" time="11.502"/>
  <system-out/>
</testsuite> <!-- Liberis.FirstPage -->
