<?xml version="1.0" encoding="UTF-8"?>
<!-- Generated by org.testng.reporters.JUnitReportReporter -->
<testsuite hostname="Prashant" failures="0" tests="1" name="Liberis.SecondPage" time="5.816" errors="0" timestamp="2022-08-27T17:04:58 IST" skipped="0">
  <testcase classname="Liberis.SecondPage" name="m1" time="5.816"/>
  <system-out/>
</testsuite> <!-- Liberis.SecondPage -->
