<?xml version="1.0" encoding="UTF-8"?>
<!-- Generated by org.testng.reporters.JUnitReportReporter -->
<testsuite hostname="Prashant" failures="0" tests="1" name="Liberis.page" time="7.897" errors="0" timestamp="2022-08-28T13:18:08 IST" skipped="0">
  <testcase classname="Liberis.page" name="m1" time="7.897"/>
  <system-out/>
</testsuite> <!-- Liberis.page -->
